<?xml version="1.0" encoding="UTF-8"?>
<!-- Generated by org.testng.reporters.JUnitXMLReporter -->
<testsuite hostname="badboy" ignored="0" name="Test2" tests="1" failures="1" timestamp="11 Feb 2021 10:59:12 GMT" time="37.723" errors="0">
  <testcase name="testcase1" time="3.798" classname="com.pom.testcases.Testsnapdeal">
    <failure type="org.testng.internal.reflect.MethodMatcherException" message="
Data provider mismatch
Method: testcase1([Parameter{index=0, type=java.lang.String, declaredAnnotations=[]}])
Arguments: [(java.lang.String) Mobile,null]">
      <![CDATA[org.testng.internal.reflect.MethodMatcherException: Data provider mismatchMethod: testcase1([Parameter{index=0, type=java.lang.String, declaredAnnotations=[]}])Arguments: [(java.lang.String) Mobile,null]... Removed 20 stack frames]]>
    </failure>
  </testcase> <!-- testcase1 -->
</testsuite> <!-- Test2 -->
